Name:         atomic-protoplanet-2502-worker-7d9dfb78c9-9sqcv
Namespace:    astronomer-atomic-protoplanet-2502
Priority:     0
Node:         ip-10-234-2-153.us-east-2.compute.internal/10.234.2.153
Start Time:   Sun, 18 Sep 2022 02:01:54 +0530
Labels:       component=worker
              platform=astronomer
              pod-template-hash=7d9dfb78c9
              release=atomic-protoplanet-2502
              tier=airflow
              workspace=cl7pppnp0008114hi74ijlud9
Annotations:  checksum/airflow-config: 8c45c297d4b8a81ff26e1fcaffaa6199d517875353543770521cfb25ba2cda87
              checksum/extra-configmaps: 2e44e493035e2f6a255d08f8104087ff10d30aef6f63176f1b18f75f73295598
              checksum/extra-secrets: bb91ef06ddc31c0c5a29973832163d8b0b597812a793ef911d33b622bc9d1655
              checksum/kerberos-keytab: 18b80c0921e5c0af1e63eca1c3ce3fbc388d006bd2db5a7ab512dc8a563b6443
              checksum/metadata-secret: cbeceb3e0865b4872e9d4499186674c1a235a415cfa315c1363ddc874ff58127
              checksum/pgbouncer-config-secret: b8c247910d6fb9ca4bc6ba6e6a825d0ee7916455cc002347875799fb3cd8dd55
              checksum/result-backend-secret: 8e3819a900d13bcbdd61c3bef367834675596ae210b7fcba20bd0824ead00791
              checksum/webserver-secret-key: a0f251027b71532a473237a6b4e762df1b2533421dc38af482abcf1a0bafb464
              cluster-autoscaler.kubernetes.io/safe-to-evict: true
              kubernetes.io/limit-ranger:
                LimitRanger plugin set: cpu, memory request for container sidecar-log-consumer; cpu, memory limit for container sidecar-log-consumer
              kubernetes.io/psp: eks.privileged
Status:       Running
IP:           10.234.2.233
IPs:
  IP:           10.234.2.233
Controlled By:  ReplicaSet/atomic-protoplanet-2502-worker-7d9dfb78c9
Init Containers:
  wait-for-airflow-migrations:
    Container ID:  docker://8c95da266746f77b96f3d7a152431d92ededd5a26c4448132549ef7ffeaa3dbd
    Image:         quay.io/astronomer/astro-runtime:5.0.8
    Image ID:      docker-pullable://quay.io/astronomer/astro-runtime@sha256:218051fb442e26a72f08d0921e2e3a4799b752c9a7dfbb1d0b3d1eedcaa118bd
    Port:          <none>
    Host Port:     <none>
    Args:
      airflow
      db
      check-migrations
      --migration-wait-timeout=60
    State:          Terminated
      Reason:       Completed
      Exit Code:    0
      Started:      Sun, 18 Sep 2022 02:01:55 +0530
      Finished:     Sun, 18 Sep 2022 02:02:40 +0530
    Ready:          True
    Restart Count:  0
    Limits:
      cpu:                100m
      ephemeral-storage:  2Gi
      memory:             384Mi
    Requests:
      cpu:                100m
      ephemeral-storage:  1Gi
      memory:             384Mi
    Environment:
      AIRFLOW__ASTRONOMER__HOUSTON_JWK_URL:            https://houston.nandlal51.astro-cre.com/v1/.well-known/jwks.json
      ASTRONOMER_ENVIRONMENT:                          software
      AIRFLOW__WEBSERVER__UPDATE_FAB_PERMS:            True
      AIRFLOW__LOGGING__REMOTE_BASE_LOG_FOLDER:        
      ASTRONOMER__AIRFLOW__WORKER_LOG_RETENTION_DAYS:  3
      COMPONENT:                                        (v1:metadata.labels['component'])
      AIRFLOW__CORE__FERNET_KEY:                       <set to the key 'fernet-key' in secret 'atomic-protoplanet-2502-fernet-key'>              Optional: false
      AIRFLOW__CORE__SQL_ALCHEMY_CONN:                 <set to the key 'connection' in secret 'atomic-protoplanet-2502-airflow-metadata'>        Optional: false
      AIRFLOW_CONN_AIRFLOW_DB:                         <set to the key 'connection' in secret 'atomic-protoplanet-2502-airflow-metadata'>        Optional: false
      AIRFLOW__CELERY__CELERY_RESULT_BACKEND:          <set to the key 'connection' in secret 'atomic-protoplanet-2502-airflow-result-backend'>  Optional: false
      AIRFLOW__CELERY__RESULT_BACKEND:                 <set to the key 'connection' in secret 'atomic-protoplanet-2502-airflow-result-backend'>  Optional: false
      AIRFLOW__CELERY__BROKER_URL:                     <set to the key 'connection' in secret 'atomic-protoplanet-2502-broker-url'>              Optional: false
      AIRFLOW__ELASTICSEARCH__HOST:                    <set to the key 'connection' in secret 'atomic-protoplanet-2502-elasticsearch'>           Optional: false
      AIRFLOW__ELASTICSEARCH__ELASTICSEARCH_HOST:      <set to the key 'connection' in secret 'atomic-protoplanet-2502-elasticsearch'>           Optional: false
    Mounts:
      /usr/local/airflow/airflow.cfg from config (ro,path="airflow.cfg")
      /var/run/secrets/kubernetes.io/serviceaccount from kube-api-access-sn2cg (ro)
Containers:
  worker:
    Container ID:  docker://2cd2e4a7b84da91028dc01ee6fd9efec999c0cefae90fa5a7c6517b33580e93d
    Image:         quay.io/astronomer/astro-runtime:5.0.8
    Image ID:      docker-pullable://quay.io/astronomer/astro-runtime@sha256:218051fb442e26a72f08d0921e2e3a4799b752c9a7dfbb1d0b3d1eedcaa118bd
    Port:          8793/TCP
    Host Port:     0/TCP
    Args:
      bash
      -c
      exec airflow celery worker 1> >( tee -a /var/log/sidecar-log-consumer/out.log ) 2> >( tee -a /var/log/sidecar-log-consumer/err.log >&2 )
    State:          Waiting
      Reason:       CrashLoopBackOff
    Last State:     Terminated
      Reason:       OOMKilled
      Exit Code:    137
      Started:      Sun, 18 Sep 2022 02:48:26 +0530
      Finished:     Sun, 18 Sep 2022 02:49:10 +0530
    Ready:          False
    Restart Count:  12
    Limits:
      cpu:                100m
      ephemeral-storage:  2Gi
      memory:             384Mi
    Requests:
      cpu:                100m
      ephemeral-storage:  1Gi
      memory:             384Mi
    Environment:
      DUMB_INIT_SETSID:                                0
      AIRFLOW__ASTRONOMER__HOUSTON_JWK_URL:            https://houston.nandlal51.astro-cre.com/v1/.well-known/jwks.json
      ASTRONOMER_ENVIRONMENT:                          software
      AIRFLOW__WEBSERVER__UPDATE_FAB_PERMS:            True
      AIRFLOW__LOGGING__REMOTE_BASE_LOG_FOLDER:        
      ASTRONOMER__AIRFLOW__WORKER_LOG_RETENTION_DAYS:  3
      COMPONENT:                                        (v1:metadata.labels['component'])
      AIRFLOW__CORE__FERNET_KEY:                       <set to the key 'fernet-key' in secret 'atomic-protoplanet-2502-fernet-key'>              Optional: false
      AIRFLOW__CORE__SQL_ALCHEMY_CONN:                 <set to the key 'connection' in secret 'atomic-protoplanet-2502-airflow-metadata'>        Optional: false
      AIRFLOW_CONN_AIRFLOW_DB:                         <set to the key 'connection' in secret 'atomic-protoplanet-2502-airflow-metadata'>        Optional: false
      AIRFLOW__CELERY__CELERY_RESULT_BACKEND:          <set to the key 'connection' in secret 'atomic-protoplanet-2502-airflow-result-backend'>  Optional: false
      AIRFLOW__CELERY__RESULT_BACKEND:                 <set to the key 'connection' in secret 'atomic-protoplanet-2502-airflow-result-backend'>  Optional: false
      AIRFLOW__CELERY__BROKER_URL:                     <set to the key 'connection' in secret 'atomic-protoplanet-2502-broker-url'>              Optional: false
      AIRFLOW__ELASTICSEARCH__HOST:                    <set to the key 'connection' in secret 'atomic-protoplanet-2502-elasticsearch'>           Optional: false
      AIRFLOW__ELASTICSEARCH__ELASTICSEARCH_HOST:      <set to the key 'connection' in secret 'atomic-protoplanet-2502-elasticsearch'>           Optional: false
    Mounts:
      /usr/local/airflow/airflow.cfg from config (ro,path="airflow.cfg")
      /usr/local/airflow/config/airflow_local_settings.py from config (ro,path="airflow_local_settings.py")
      /usr/local/airflow/logs from logs (rw)
      /var/log/sidecar-log-consumer from sidecar-log-consumer (rw)
      /var/run/secrets/kubernetes.io/serviceaccount from kube-api-access-sn2cg (ro)
  sidecar-log-consumer:
    Container ID:   docker://bd7fb1a4c59ace8d7008b6d417f8924246cd04e1c90f09fb520c55ef54e7c324
    Image:          quay.io/astronomer/ap-vector:0.23.0
    Image ID:       docker-pullable://quay.io/astronomer/ap-vector@sha256:a5a2b9bf745a2728f63dfac43b857ded100a3a2837a781ebda6fca5db0f6e519
    Port:           <none>
    Host Port:      <none>
    State:          Running
      Started:      Sun, 18 Sep 2022 02:02:41 +0530
    Ready:          True
    Restart Count:  0
    Limits:
      cpu:     100m
      memory:  384Mi
    Requests:
      cpu:     100m
      memory:  384Mi
    Environment:
      VECTOR_CONFIG:  /etc/sidecar-logging/vector-config.yaml
      SIDECAR_LOGS:   /var/log/sidecar-log-consumer
      COMPONENT:       (v1:metadata.labels['component'])
      RELEASE:         (v1:metadata.labels['release'])
      WORKSPACE:       (v1:metadata.labels['workspace'])
    Mounts:
      /etc/sidecar-logging from config-volume (rw)
      /var/log/sidecar-log-consumer from sidecar-log-consumer (rw)
      /var/run/secrets/kubernetes.io/serviceaccount from kube-api-access-sn2cg (ro)
Conditions:
  Type              Status
  Initialized       True 
  Ready             False 
  ContainersReady   False 
  PodScheduled      True 
Volumes:
  sidecar-log-consumer:
    Type:       EmptyDir (a temporary directory that shares a pod's lifetime)
    Medium:     
    SizeLimit:  <unset>
  config-volume:
    Type:      ConfigMap (a volume populated by a ConfigMap)
    Name:      atomic-protoplanet-2502-sidecar-config
    Optional:  false
  config:
    Type:      ConfigMap (a volume populated by a ConfigMap)
    Name:      atomic-protoplanet-2502-airflow-config
    Optional:  false
  logs:
    Type:       EmptyDir (a temporary directory that shares a pod's lifetime)
    Medium:     
    SizeLimit:  <unset>
  kube-api-access-sn2cg:
    Type:                    Projected (a volume that contains injected data from multiple sources)
    TokenExpirationSeconds:  3607
    ConfigMapName:           kube-root-ca.crt
    ConfigMapOptional:       <nil>
    DownwardAPI:             true
QoS Class:                   Guaranteed
Node-Selectors:              <none>
Tolerations:                 node.kubernetes.io/not-ready:NoExecute op=Exists for 300s
                             node.kubernetes.io/unreachable:NoExecute op=Exists for 300s
Events:
  Type     Reason     Age                    From               Message
  ----     ------     ----                   ----               -------
  Normal   Scheduled  48m                    default-scheduler  Successfully assigned astronomer-atomic-protoplanet-2502/atomic-protoplanet-2502-worker-7d9dfb78c9-9sqcv to ip-10-234-2-153.us-east-2.compute.internal
  Normal   Pulled     48m                    kubelet            Container image "quay.io/astronomer/astro-runtime:5.0.8" already present on machine
  Normal   Created    48m                    kubelet            Created container wait-for-airflow-migrations
  Normal   Started    48m                    kubelet            Started container wait-for-airflow-migrations
  Normal   Pulled     47m                    kubelet            Container image "quay.io/astronomer/ap-vector:0.23.0" already present on machine
  Normal   Created    47m                    kubelet            Created container sidecar-log-consumer
  Normal   Started    47m                    kubelet            Started container sidecar-log-consumer
  Normal   Created    44m (x4 over 47m)      kubelet            Created container worker
  Normal   Started    44m (x4 over 47m)      kubelet            Started container worker
  Normal   Pulled     42m (x5 over 47m)      kubelet            Container image "quay.io/astronomer/astro-runtime:5.0.8" already present on machine
  Warning  BackOff    3m23s (x162 over 45m)  kubelet            Back-off restarting failed container
